<?xml version="1.0" encoding="UTF-8"?>
<!-- Generated by org.testng.reporters.JUnitReportReporter -->
<testsuite hostname="L098861" name="com.tractionGuest.suiteLocation.CreateBulkInviteOnExistingLoc" tests="1" failures="0" timestamp="18 Oct 2019 01:00:36 GMT" time="48.125" errors="0">
  <testcase name="createBulkInviteOnExistingLoc" time="48.125" classname="com.tractionGuest.suiteLocation.CreateBulkInviteOnExistingLoc"/>
</testsuite> <!-- com.tractionGuest.suiteLocation.CreateBulkInviteOnExistingLoc -->
