<?xml version="1.0" encoding="UTF-8"?>
<!-- Generated by org.testng.reporters.JUnitReportReporter -->
<testsuite hostname="L098861" name="com.tractionGuest.suiteLocation.EditLocation" tests="1" failures="0" timestamp="18 Oct 2019 01:00:36 GMT" time="31.274" errors="0">
  <testcase name="editLocation" time="31.274" classname="com.tractionGuest.suiteLocation.EditLocation"/>
</testsuite> <!-- com.tractionGuest.suiteLocation.EditLocation -->
