<?xml version="1.0" encoding="UTF-8"?>
<!-- Generated by org.testng.reporters.JUnitReportReporter -->
<testsuite hostname="L098861" name="com.tractionGuest.suiteLocation.DeleteLocation" tests="2" failures="0" timestamp="18 Oct 2019 01:00:36 GMT" time="66.993" errors="0">
  <testcase name="deleteLocation" time="28.957" classname="com.tractionGuest.suiteLocation.DeleteLocation"/>
  <testcase name="deleteLocation" time="38.036" classname="com.tractionGuest.suiteLocation.DeleteLocation"/>
</testsuite> <!-- com.tractionGuest.suiteLocation.DeleteLocation -->
