<?xml version="1.0" encoding="UTF-8"?>
<!-- Generated by org.testng.reporters.JUnitReportReporter -->
<testsuite hostname="L098861" name="com.tractionGuest.suiteLocation.CreateInviteOnExistingLocation" tests="2" failures="0" timestamp="18 Oct 2019 01:00:36 GMT" time="108.735" errors="0">
  <testcase name="createInviteOnExistingLocation" time="58.402" classname="com.tractionGuest.suiteLocation.CreateInviteOnExistingLocation"/>
  <testcase name="createInviteOnExistingLocation" time="50.333" classname="com.tractionGuest.suiteLocation.CreateInviteOnExistingLocation"/>
</testsuite> <!-- com.tractionGuest.suiteLocation.CreateInviteOnExistingLocation -->
