<?xml version="1.0" encoding="UTF-8"?>
<!-- Generated by org.testng.reporters.JUnitReportReporter -->
<testsuite hostname="L098861" name="com.tractionGuest.suiteLocation.AddLocation" tests="2" failures="0" timestamp="18 Oct 2019 01:04:36 GMT" time="10.725" errors="0">
  <testcase name="addLocation" time="6.477" classname="com.tractionGuest.suiteLocation.AddLocation"/>
  <testcase name="addLocation" time="4.248" classname="com.tractionGuest.suiteLocation.AddLocation"/>
</testsuite> <!-- com.tractionGuest.suiteLocation.AddLocation -->
