<?xml version="1.0" encoding="UTF-8"?>
<!-- Generated by org.testng.reporters.JUnitReportReporter -->
<testsuite hostname="L098861" name="com.tractionGuest.suiteLocation.AddLocation" tests="2" failures="0" timestamp="18 Oct 2019 01:59:30 GMT" time="9.419" errors="0">
  <testcase name="addLocation" time="5.859" classname="com.tractionGuest.suiteLocation.AddLocation"/>
  <testcase name="addLocation" time="3.560" classname="com.tractionGuest.suiteLocation.AddLocation"/>
</testsuite> <!-- com.tractionGuest.suiteLocation.AddLocation -->
